\BOOKMARK [1][-]{section.1}{Revision\040History}{}% 1
\BOOKMARK [1][-]{section.2}{Introduction}{}% 2
\BOOKMARK [2][-]{subsection.2.1}{Assumptions}{section.2}% 3
\BOOKMARK [1][-]{section.3}{List\040of\040requirements}{}% 4
\BOOKMARK [2][-]{subsection.3.1}{Sensors}{section.3}% 5
\BOOKMARK [2][-]{subsection.3.2}{Signals}{section.3}% 6
\BOOKMARK [2][-]{subsection.3.3}{Bell}{section.3}% 7
\BOOKMARK [2][-]{subsection.3.4}{Barriers}{section.3}% 8
\BOOKMARK [2][-]{subsection.3.5}{Deadlock}{section.3}% 9
\BOOKMARK [1][-]{section.4}{List\040of\040external\040actions}{}% 10
\BOOKMARK [1][-]{section.5}{Requirements\040expressed\040in\040terms\040of\040actions}{}% 11
\BOOKMARK [2][-]{subsection.5.1}{Sensors}{section.5}% 12
\BOOKMARK [2][-]{subsection.5.2}{Signals}{section.5}% 13
\BOOKMARK [2][-]{subsection.5.3}{Bell}{section.5}% 14
\BOOKMARK [2][-]{subsection.5.4}{Barriers}{section.5}% 15
\BOOKMARK [2][-]{subsection.5.5}{Deadlock}{section.5}% 16
\BOOKMARK [1][-]{section.6}{Architecture}{}% 17
\BOOKMARK [1][-]{section.7}{List\040of\040internal\040actions}{}% 18
\BOOKMARK [1][-]{section.8}{Requirements\040expressed\040in\040modal\040formulas}{}% 19
\BOOKMARK [2][-]{subsection.8.1}{Sensors}{section.8}% 20
\BOOKMARK [2][-]{subsection.8.2}{Signals}{section.8}% 21
\BOOKMARK [2][-]{subsection.8.3}{Bell}{section.8}% 22
\BOOKMARK [2][-]{subsection.8.4}{Barriers}{section.8}% 23
\BOOKMARK [2][-]{subsection.8.5}{Deadlock}{section.8}% 24
\BOOKMARK [1][-]{section.9}{Verification}{}% 25
\BOOKMARK [1][-]{section.10}{Conclusions}{}% 26
\BOOKMARK [1][-]{section.11}{References}{}% 27
\BOOKMARK [1][-]{section.12}{System\040Model}{}% 28
