This is XeTeX, Version 3.14159265-2.6-0.99992 (MiKTeX 2.9 64-bit) (preloaded format=xelatex 2015.10.16)  23 OCT 2015 13:10
entering extended mode
**Report_V1.tex
(Report_V1.tex
LaTeX2e <2015/10/01> patch level 1
Babel <3.9m> and hyphenation patterns for 69 languages loaded.
("C:\Program Files\MiKTeX 2.9\tex\latex\base\article.cls"
Document Class: article 2014/09/29 v1.4h Standard LaTeX document class
("C:\Program Files\MiKTeX 2.9\tex\latex\base\size10.clo"
File: size10.clo 2014/09/29 v1.4h Standard LaTeX file (size option)
)
\c@part=\count79
\c@section=\count80
\c@subsection=\count81
\c@subsubsection=\count82
\c@paragraph=\count83
\c@subparagraph=\count84
\c@figure=\count85
\c@table=\count86
\abovecaptionskip=\skip41
\belowcaptionskip=\skip42
\bibindent=\dimen102
)
("C:\Program Files\MiKTeX 2.9\tex\latex\graphics\graphicx.sty"
Package: graphicx 2014/10/28 v1.0g Enhanced LaTeX Graphics (DPC,SPQR)

("C:\Program Files\MiKTeX 2.9\tex\latex\graphics\keyval.sty"
Package: keyval 2014/10/28 v1.15 key=value parser (DPC)
\KV@toks@=\toks14
)
("C:\Program Files\MiKTeX 2.9\tex\latex\graphics\graphics.sty"
Package: graphics 2014/10/28 v1.0p Standard LaTeX Graphics (DPC,SPQR)

("C:\Program Files\MiKTeX 2.9\tex\latex\graphics\trig.sty"
Package: trig 1999/03/16 v1.09 sin cos tan (DPC)
)
("C:\Program Files\MiKTeX 2.9\tex\latex\00miktex\graphics.cfg"
File: graphics.cfg 2007/01/18 v1.5 graphics configuration of teTeX/TeXLive
)
Package graphics Info: Driver file: xetex.def on input line 94.

("C:\Program Files\MiKTeX 2.9\tex\xelatex\xetex-def\xetex.def"
File: xetex.def 2015/09/11 v4.06 LaTeX color/graphics driver for XeTeX (TeX Liv
e/RRM/JK)

("C:\Program Files\MiKTeX 2.9\tex\generic\oberdiek\infwarerr.sty"
Package: infwarerr 2010/04/08 v1.3 Providing info/warning/error messages (HO)
)
("C:\Program Files\MiKTeX 2.9\tex\generic\oberdiek\ltxcmds.sty"
Package: ltxcmds 2011/11/09 v1.22 LaTeX kernel commands for general use (HO)
)))
\Gin@req@height=\dimen103
\Gin@req@width=\dimen104
)
("C:\Program Files\MiKTeX 2.9\tex\latex\changepage\changepage.sty"
Package: changepage 2009/10/20 v1.0c check page and change page layout
\c@cp@cntr=\count87
\cp@tempcnt=\count88
)
("C:\Program Files\MiKTeX 2.9\tex\latex\amsmath\amsmath.sty"
Package: amsmath 2013/01/14 v2.14 AMS math features
\@mathmargin=\skip43

For additional information on amsmath, use the `?' option.
("C:\Program Files\MiKTeX 2.9\tex\latex\amsmath\amstext.sty"
Package: amstext 2000/06/29 v2.01

("C:\Program Files\MiKTeX 2.9\tex\latex\amsmath\amsgen.sty"
File: amsgen.sty 1999/11/30 v2.0
\@emptytoks=\toks15
\ex@=\dimen105
))
("C:\Program Files\MiKTeX 2.9\tex\latex\amsmath\amsbsy.sty"
Package: amsbsy 1999/11/29 v1.2d
\pmbraise@=\dimen106
)
("C:\Program Files\MiKTeX 2.9\tex\latex\amsmath\amsopn.sty"
Package: amsopn 1999/12/14 v2.01 operator names
)
\inf@bad=\count89
LaTeX Info: Redefining \frac on input line 210.
\uproot@=\count90
\leftroot@=\count91
LaTeX Info: Redefining \overline on input line 306.
\classnum@=\count92
\DOTSCASE@=\count93
LaTeX Info: Redefining \ldots on input line 378.
LaTeX Info: Redefining \dots on input line 381.
LaTeX Info: Redefining \cdots on input line 466.
\Mathstrutbox@=\box26
\strutbox@=\box27
\big@size=\dimen107
LaTeX Font Info:    Redeclaring font encoding OML on input line 566.
LaTeX Font Info:    Redeclaring font encoding OMS on input line 567.
\macc@depth=\count94
\c@MaxMatrixCols=\count95
\dotsspace@=\muskip10
\c@parentequation=\count96
\dspbrk@lvl=\count97
\tag@help=\toks16
\row@=\count98
\column@=\count99
\maxfields@=\count100
\andhelp@=\toks17
\eqnshift@=\dimen108
\alignsep@=\dimen109
\tagshift@=\dimen110
\tagwidth@=\dimen111
\totwidth@=\dimen112
\lineht@=\dimen113
\@envbody=\toks18
\multlinegap=\skip44
\multlinetaggap=\skip45
\mathdisplay@stack=\toks19
LaTeX Info: Redefining \[ on input line 2665.
LaTeX Info: Redefining \] on input line 2666.
)
("C:\Program Files\MiKTeX 2.9\tex\latex\mathtools\mathtools.sty"
Package: mathtools 2015/06/17 v1.17 mathematical typesetting tools

("C:\Program Files\MiKTeX 2.9\tex\latex\tools\calc.sty"
Package: calc 2014/10/28 v4.3 Infix arithmetic (KKT,FJ)
\calc@Acount=\count101
\calc@Bcount=\count102
\calc@Adimen=\dimen114
\calc@Bdimen=\dimen115
\calc@Askip=\skip46
\calc@Bskip=\skip47
LaTeX Info: Redefining \setlength on input line 80.
LaTeX Info: Redefining \addtolength on input line 81.
\calc@Ccount=\count103
\calc@Cskip=\skip48
)
("C:\Program Files\MiKTeX 2.9\tex\latex\mathtools\mhsetup.sty"
Package: mhsetup 2010/01/21 v1.2a programming setup (MH)
)
LaTeX Info: Thecontrolsequence`\('isalreadyrobust on input line 129.
LaTeX Info: Thecontrolsequence`\)'isalreadyrobust on input line 129.
LaTeX Info: Thecontrolsequence`\['isalreadyrobust on input line 129.
LaTeX Info: Thecontrolsequence`\]'isalreadyrobust on input line 129.
\g_MT_multlinerow_int=\count104
\l_MT_multwidth_dim=\dimen116
\origjot=\skip49
\l_MT_shortvdotswithinadjustabove_dim=\dimen117
\l_MT_shortvdotswithinadjustbelow_dim=\dimen118
\l_MT_above_intertext_sep=\dimen119
\l_MT_below_intertext_sep=\dimen120
\l_MT_above_shortintertext_sep=\dimen121
\l_MT_below_shortintertext_sep=\dimen122
)
("C:\Program Files\MiKTeX 2.9\tex\latex\hyperref\hyperref.sty"
Package: hyperref 2012/11/06 v6.83m Hypertext links for LaTeX

("C:\Program Files\MiKTeX 2.9\tex\generic\oberdiek\hobsub-hyperref.sty"
Package: hobsub-hyperref 2012/04/25 v1.12 Bundle oberdiek, subset hyperref (HO)


("C:\Program Files\MiKTeX 2.9\tex\generic\oberdiek\hobsub-generic.sty"
Package: hobsub-generic 2012/04/25 v1.12 Bundle oberdiek, subset generic (HO)
Package: hobsub 2012/04/25 v1.12 Construct package bundles (HO)
Package hobsub Info: Skipping package `infwarerr' (already loaded).
Package hobsub Info: Skipping package `ltxcmds' (already loaded).
Package: ifluatex 2010/03/01 v1.3 Provides the ifluatex switch (HO)
Package ifluatex Info: LuaTeX not detected.
Package: ifvtex 2010/03/01 v1.5 Detect VTeX and its facilities (HO)
Package ifvtex Info: VTeX not detected.
Package: intcalc 2007/09/27 v1.1 Expandable calculations with integers (HO)
Package: ifpdf 2011/01/30 v2.3 Provides the ifpdf switch (HO)
Package ifpdf Info: pdfTeX in PDF mode is not detected.
Package: etexcmds 2011/02/16 v1.5 Avoid name clashes with e-TeX commands (HO)
Package etexcmds Info: Could not find \expanded.
(etexcmds)             That can mean that you are not using pdfTeX 1.50 or
(etexcmds)             that some package has redefined \expanded.
(etexcmds)             In the latter case, load this package earlier.
Package: kvsetkeys 2012/04/25 v1.16 Key value parser (HO)
Package: kvdefinekeys 2011/04/07 v1.3 Define keys (HO)
Package: pdftexcmds 2011/11/29 v0.20 Utility functions of pdfTeX for LuaTeX (HO
)
Package pdftexcmds Info: LuaTeX not detected.
Package pdftexcmds Info: pdfTeX >= 1.30 not detected.
Package pdftexcmds Info: \pdf@primitive is available.
Package pdftexcmds Info: \pdf@ifprimitive is available.
Package pdftexcmds Info: \pdfdraftmode not found.
Package: pdfescape 2011/11/25 v1.13 Implements pdfTeX's escape features (HO)
Package: bigintcalc 2012/04/08 v1.3 Expandable calculations on big integers (HO
)
Package: bitset 2011/01/30 v1.1 Handle bit-vector datatype (HO)
Package: uniquecounter 2011/01/30 v1.2 Provide unlimited unique counter (HO)
)
Package hobsub Info: Skipping package `hobsub' (already loaded).
Package: letltxmacro 2010/09/02 v1.4 Let assignment for LaTeX macros (HO)
Package: hopatch 2011/06/24 v1.1 Wrapper for package hooks (HO)
Package: xcolor-patch 2011/01/30 xcolor patch
Package: atveryend 2011/06/30 v1.8 Hooks at the very end of document (HO)
Package atveryend Info: \enddocument detected (standard20110627).
Package: atbegshi 2011/10/05 v1.16 At begin shipout hook (HO)
Package: refcount 2011/10/16 v3.4 Data extraction from label references (HO)
Package: hycolor 2011/01/30 v1.7 Color options for hyperref/bookmark (HO)
)
("C:\Program Files\MiKTeX 2.9\tex\generic\ifxetex\ifxetex.sty"
Package: ifxetex 2010/09/12 v0.6 Provides ifxetex conditional
)
("C:\Program Files\MiKTeX 2.9\tex\latex\oberdiek\auxhook.sty"
Package: auxhook 2011/03/04 v1.3 Hooks for auxiliary files (HO)
)
("C:\Program Files\MiKTeX 2.9\tex\latex\oberdiek\kvoptions.sty"
Package: kvoptions 2011/06/30 v3.11 Key value format for package options (HO)
)
\@linkdim=\dimen123
\Hy@linkcounter=\count105
\Hy@pagecounter=\count106

("C:\Program Files\MiKTeX 2.9\tex\latex\hyperref\pd1enc.def"
File: pd1enc.def 2012/11/06 v6.83m Hyperref: PDFDocEncoding definition (HO)
)
\Hy@SavedSpaceFactor=\count107

("C:\Program Files\MiKTeX 2.9\tex\latex\00miktex\hyperref.cfg"
File: hyperref.cfg 2002/06/06 v1.2 hyperref configuration of TeXLive
)
Package hyperref Info: Hyper figures OFF on input line 4443.
Package hyperref Info: Link nesting OFF on input line 4448.
Package hyperref Info: Hyper index ON on input line 4451.
Package hyperref Info: Plain pages OFF on input line 4458.
Package hyperref Info: Backreferencing OFF on input line 4463.
Package hyperref Info: Implicit mode ON; LaTeX internals redefined.
Package hyperref Info: Bookmarks ON on input line 4688.
\c@Hy@tempcnt=\count108

("C:\Program Files\MiKTeX 2.9\tex\latex\url\url.sty"
\Urlmuskip=\muskip11
Package: url 2013/09/16  ver 3.4  Verb mode for urls, etc.
)
LaTeX Info: Redefining \url on input line 5041.
\XeTeXLinkMargin=\dimen124
Requested font "pzdr" at 0.00002pt
\Fld@menulength=\count109
\Field@Width=\dimen125
\Fld@charsize=\dimen126
Package hyperref Info: Hyper figures OFF on input line 6295.
Package hyperref Info: Link nesting OFF on input line 6300.
Package hyperref Info: Hyper index ON on input line 6303.
Package hyperref Info: backreferencing OFF on input line 6310.
Package hyperref Info: Link coloring OFF on input line 6315.
Package hyperref Info: Link coloring with OCG OFF on input line 6320.
Package hyperref Info: PDF/A mode OFF on input line 6325.
LaTeX Info: Redefining \ref on input line 6365.
LaTeX Info: Redefining \pageref on input line 6369.
\Hy@abspage=\count110
\c@Item=\count111
\c@Hfootnote=\count112
)

Package hyperref Message: Driver (autodetected): hxetex.

("C:\Program Files\MiKTeX 2.9\tex\latex\hyperref\hxetex.def"
File: hxetex.def 2012/11/06 v6.83m Hyperref driver for XeTeX

("C:\Program Files\MiKTeX 2.9\tex\latex\hyperref\puenc.def"
File: puenc.def 2012/11/06 v6.83m Hyperref: PDF Unicode definition (HO)
)
("C:\Program Files\MiKTeX 2.9\tex\generic\oberdiek\stringenc.sty"
Package: stringenc 2011/12/02 v1.10 Convert strings between diff. encodings (HO
)
)
\pdfm@box=\box28
\c@Hy@AnnotLevel=\count113
\HyField@AnnotCount=\count114
\Fld@listcount=\count115
\c@bookmark@seq@number=\count116

("C:\Program Files\MiKTeX 2.9\tex\latex\oberdiek\rerunfilecheck.sty"
Package: rerunfilecheck 2011/04/15 v1.7 Rerun checks for auxiliary files (HO)
Package rerunfilecheck Info: Feature \pdfmdfivesum is not available
(rerunfilecheck)             (e.g. pdfTeX or LuaTeX with package `pdftexcmds').

(rerunfilecheck)             Therefore file contents cannot be checked efficien
tly
(rerunfilecheck)             and the loading of the package is aborted.
)
\Hy@SectionHShift=\skip50
)
("C:\Program Files\MiKTeX 2.9\tex\latex\enumitem\enumitem.sty"
Package: enumitem 2011/09/28 v3.5.2 Customized lists
\labelindent=\skip51
\enit@outerparindent=\dimen127
\enit@toks=\toks20
\enit@inbox=\box29
\enitdp@description=\count117
) (Report_V1.aux)
LaTeX Font Info:    Checking defaults for OML/cmm/m/it on input line 8.
LaTeX Font Info:    ... okay on input line 8.
LaTeX Font Info:    Checking defaults for T1/cmr/m/n on input line 8.
LaTeX Font Info:    ... okay on input line 8.
LaTeX Font Info:    Checking defaults for OT1/cmr/m/n on input line 8.
LaTeX Font Info:    ... okay on input line 8.
LaTeX Font Info:    Checking defaults for OMS/cmsy/m/n on input line 8.
LaTeX Font Info:    ... okay on input line 8.
LaTeX Font Info:    Checking defaults for OMX/cmex/m/n on input line 8.
LaTeX Font Info:    ... okay on input line 8.
LaTeX Font Info:    Checking defaults for U/cmr/m/n on input line 8.
LaTeX Font Info:    ... okay on input line 8.
LaTeX Font Info:    Checking defaults for PD1/pdf/m/n on input line 8.
LaTeX Font Info:    ... okay on input line 8.
LaTeX Font Info:    Checking defaults for PU/pdf/m/n on input line 8.
LaTeX Font Info:    ... okay on input line 8.
\AtBeginShipoutBox=\box30
Package hyperref Info: Link coloring OFF on input line 8.
("C:\Program Files\MiKTeX 2.9\tex\latex\hyperref\nameref.sty"
Package: nameref 2012/10/27 v2.43 Cross-referencing by name of section

("C:\Program Files\MiKTeX 2.9\tex\generic\oberdiek\gettitlestring.sty"
Package: gettitlestring 2010/12/03 v1.4 Cleanup title references (HO)
)
\c@section@level=\count118
)
LaTeX Info: Redefining \ref on input line 8.
LaTeX Info: Redefining \pageref on input line 8.
LaTeX Info: Redefining \nameref on input line 8.

(Report_V1.out) (Report_V1.out)
\@outlinefile=\write3
Requested font "cmr17" at 17.28pt
Requested font "cmr17" at 24.88pt
Requested font "cmbx12" at 24.88pt
Requested font "cmr12" at 12.0pt
Requested font "cmr8" at 8.0pt
Requested font "cmr6" at 6.0pt
Requested font "cmmi12" at 12.0pt
Requested font "cmmi8" at 8.0pt
Requested font "cmmi6" at 6.0pt
Requested font "cmsy10" at 12.0pt
Requested font "cmsy8" at 8.0pt
Requested font "cmsy6" at 6.0pt
Requested font "cmex10" at 12.0pt
Requested font "cmex8" at 8.0pt
Requested font "cmex7" at 6.0pt

Overfull \hbox (17.1491pt too wide) in paragraph at lines 40--40
 [][] 
 []

Requested font "cmr12" at 14.4pt
("C:\Program Files\MiKTeX 2.9\tex\generic\oberdiek\se-ascii-print.def"
File: se-ascii-print.def 2011/12/02 v1.10 stringenc: Printable ASCII characters

)
[1

]
Requested font "cmbx12" at 14.4pt
 (Report_V1.toc
Requested font "cmbx10" at 10.0pt
Requested font "cmex7" at 7.0pt
Requested font "cmex7" at 5.0pt
)
\tf@toc=\write4
 [2] [3]
File: Sys_Val_D2.jpg Graphic file (type QTm)
 <use  "Sys_Val_D2.jpg" >
Overfull \hbox (32.40291pt too wide) in paragraph at lines 72--73
 [][] 
 []

Requested font "cmbx12" at 12.0pt
[4] [5] [6] [7]
Requested font "cmbxti10" at 10.0pt

Underfull \hbox (badness 10000) in paragraph at lines 176--177

 []


Overfull \hbox (70.97568pt too wide) in paragraph at lines 181--220
[][] 
 []

Requested font "cmti10" at 10.0pt
[8]
Underfull \hbox (badness 10000) in paragraph at lines 246--249

 []


Overfull \hbox (45.11218pt too wide) in paragraph at lines 255--256
[]\OT1/cmr/m/n/10 Between a \OT1/cmr/bx/n/10 eActTrainSensData(BREAK,-1) \OT1/c
mr/m/n/10 and a \OT1/cmr/bx/n/10 RE-SET[]COMPLETE
 []


Overfull \hbox (10.78334pt too wide) in paragraph at lines 257--258
\OT1/cmr/m/n/10 ber of steps, \OT1/cmr/bx/n/10 eAct-SetSig-nal(RED), eAct-Set-W
arn-Light(HIGH), eAct-
 []


Overfull \hbox (9.7222pt too wide) in paragraph at lines 258--259
[]\OT1/cmr/m/n/10 After a \OT1/cmr/bx/n/10 eActTrainSensData(BREAK,-1)\OT1/cmr/
m/n/10 , an \OT1/cmr/bx/n/10 eAct-Set-Bar-rier(OPEN)
 []


Overfull \hbox (8.00516pt too wide) in paragraph at lines 259--260
[]\OT1/cmr/m/n/10 When an \OT1/cmr/bx/n/10 eAct-SetSig-nal(GREEN) \OT1/cmr/m/n/
10 hap-pens not fol-lowed by \OT1/cmr/bx/n/10 eAct-SetSig-
 []


Overfull \hbox (42.81241pt too wide) in paragraph at lines 266--267
[]\OT1/cmr/m/n/10 When \OT1/cmr/bx/n/10 eAct-Train-Sens-Data(ARRIVE,2) \OT1/cmr
/m/n/10 hap-pens, \OT1/cmr/bx/n/10 eAct-SetSig-nal(YELLOW)
 []


Overfull \hbox (12.04729pt too wide) in paragraph at lines 269--270
\OT1/cmr/bx/n/10 nal(RED) \OT1/cmr/m/n/10 and \OT1/cmr/bx/n/10 eAct-Set-Warn-Li
ght(W[]HIGH)\OT1/cmr/m/n/10 , with-out \OT1/cmr/bx/n/10 eAct-Set-Warn-
 []


Overfull \hbox (47.94263pt too wide) in paragraph at lines 269--270
\OT1/cmr/bx/n/10 Light(W[]OFF) \OT1/cmr/m/n/10 or \OT1/cmr/bx/n/10 eAct-Set-War
n-Light(W[]LOW) \OT1/cmr/m/n/10 or \OT1/cmr/bx/n/10 eAct-SetSig-nal(GREEN)
 []


Overfull \hbox (38.8608pt too wide) in paragraph at lines 270--271
\OT1/cmr/m/n/10 the ac-tions \OT1/cmr/bx/n/10 eAct-Set-Warn-Light(W[]OFF) \OT1/
cmr/m/n/10 or \OT1/cmr/bx/n/10 eAct-Set-Warn-Light(W[]LOW)\OT1/cmr/m/n/10 or
 []

[9

]
Overfull \hbox (11.30405pt too wide) in paragraph at lines 273--274
\OT1/cmr/bx/n/10 Set-Warn-Light(W[]HIGH) \OT1/cmr/m/n/10 and \OT1/cmr/bx/n/10 e
Act-Set-Warn-Light(W[]OFF) \OT1/cmr/m/n/10 an \OT1/cmr/bx/n/10 eAct-
 []


Overfull \hbox (5.69221pt too wide) in paragraph at lines 274--275
[]\OT1/cmr/m/n/10 Between ac-tions \OT1/cmr/bx/n/10 eAct-SetSig-nal(YELLOW) \OT
1/cmr/m/n/10 and \OT1/cmr/bx/n/10 eAct-SetSig-nal(RED)
 []


Overfull \hbox (15.31792pt too wide) in paragraph at lines 274--275
\OT1/cmr/bx/n/10 Set-Warn-Light(W[]LOW) \OT1/cmr/m/n/10 and \OT1/cmr/bx/n/10 eA
ct-Set-Warn-Light(W[]HIGH) \OT1/cmr/m/n/10 an \OT1/cmr/bx/n/10 eAct-
 []


Overfull \hbox (5.67036pt too wide) in paragraph at lines 281--282
[]\OT1/cmr/m/n/10 After \OT1/cmr/bx/n/10 eAct-Set-Bar-rier(OPEN) \OT1/cmr/m/n/1
0 takes place, an \OT1/cmr/bx/n/10 eAct-Set-Bell(OFF) \OT1/cmr/m/n/10 must
 []


Overfull \hbox (2.31036pt too wide) in paragraph at lines 286--287
[]\OT1/cmr/m/n/10 After \OT1/cmr/bx/n/10 eAct-SetSig-nal(RED) \OT1/cmr/m/n/10 t
akes place, the \OT1/cmr/bx/n/10 eAct-Set-Bar-rier(CLOSE)
 []


Overfull \hbox (6.97119pt too wide) in paragraph at lines 288--289
[]\OT1/cmr/m/n/10 After \OT1/cmr/bx/n/10 eAct-Train-Sens-Data(LEFT,0) \OT1/cmr/
m/n/10 an \OT1/cmr/bx/n/10 eAct-Set-Bar-rier(OPEN) \OT1/cmr/m/n/10 must
 []

[10]
Underfull \hbox (badness 10000) in paragraph at lines 300--304

 []


Underfull \hbox (badness 10000) in paragraph at lines 300--304

 []


Overfull \hbox (4.94164pt too wide) in paragraph at lines 300--304
\OT1/cmr/m/n/10 The ARCS BAR-RIER com-po-nent is re-ceives the no-ti-fi-ca-tion
s form ARCS TRAIN
 []


Underfull \hbox (badness 10000) in paragraph at lines 300--304

 []

[11]
Overfull \hbox (56.28824pt too wide) in paragraph at lines 316--344
[][] 
 []

File: Internal_Diag.JPG Graphic file (type QTm)
<use  "Internal_Diag.JPG" > [12]
Overfull \hbox (51.73735pt too wide) in paragraph at lines 366--367
[]$\OT1/cmr/m/n/10 [[][]]\OMS/cmsy/m/n/10 h\OML/cmm/m/it/10 eActTrainSensData\O
T1/cmr/m/n/10 (\OML/cmm/m/it/10 BREAK; \OMS/cmsy/m/n/10 ^^@\OT1/cmr/m/n/10 1)\O
MS/cmsy/m/n/10 i\OML/cmm/m/it/10 true$ 
 []


Overfull \hbox (3.45377pt too wide) in paragraph at lines 367--368
[]$\OT1/cmr/m/n/10 [\OML/cmm/m/it/10 true \OMS/cmsy/m/n/10 ^^C \OML/cmm/m/it/10
 :RESET[]COMPLETE:[][]\OT1/cmr/m/n/10 ]$ 
 []


Overfull \hbox (3.45377pt too wide) in paragraph at lines 368--369
[]$\OT1/cmr/m/n/10 [\OML/cmm/m/it/10 true \OMS/cmsy/m/n/10 ^^C \OML/cmm/m/it/10
 :eActTrainSensData\OT1/cmr/m/n/10 (\OML/cmm/m/it/10 BREAK; \OMS/cmsy/m/n/10 ^^
@\OT1/cmr/m/n/10 1)\OML/cmm/m/it/10 :[][]:$ 
 []


Overfull \hbox (27.6875pt too wide) in paragraph at lines 372--373
[]$\OT1/cmr/m/n/10 [\OML/cmm/m/it/10 true \OMS/cmsy/m/n/10 ^^C \OML/cmm/m/it/10
 :eActTrainSensData\OT1/cmr/m/n/10 (\OML/cmm/m/it/10 BREAK; \OMS/cmsy/m/n/10 ^^
@\OT1/cmr/m/n/10 1)]\OML/cmm/m/it/10 ^^VX\OT1/cmr/m/n/10 ([[]]\OML/cmm/m/it/10 
X \OMS/cmsy/m/n/10 ^
 []


Overfull \hbox (71.1405pt too wide) in paragraph at lines 373--374
[]$\OT1/cmr/m/n/10 [\OML/cmm/m/it/10 true \OMS/cmsy/m/n/10 ^^C \OML/cmm/m/it/10
 :eActTrainSensData\OT1/cmr/m/n/10 (\OML/cmm/m/it/10 BREAK; \OMS/cmsy/m/n/10 ^^
@\OT1/cmr/m/n/10 1)]\OML/cmm/m/it/10 ^^VX\OT1/cmr/m/n/10 ([[]]\OML/cmm/m/it/10 
X \OMS/cmsy/m/n/10 ^
 []


Overfull \hbox (43.14238pt too wide) in paragraph at lines 374--375
[]$\OT1/cmr/m/n/10 [\OML/cmm/m/it/10 true \OMS/cmsy/m/n/10 ^^C \OML/cmm/m/it/10
 :eActTrainSensData\OT1/cmr/m/n/10 (\OML/cmm/m/it/10 BREAK; \OMS/cmsy/m/n/10 ^^
@\OT1/cmr/m/n/10 1)]\OML/cmm/m/it/10 ^^VX\OT1/cmr/m/n/10 ([[]]\OML/cmm/m/it/10 
X \OMS/cmsy/m/n/10 ^
 []


Overfull \hbox (46.8338pt too wide) in paragraph at lines 375--376
[]$\OT1/cmr/m/n/10 [\OML/cmm/m/it/10 true \OMS/cmsy/m/n/10 ^^C \OML/cmm/m/it/10
 :eActTrainSensData\OT1/cmr/m/n/10 (\OML/cmm/m/it/10 BREAK; \OMS/cmsy/m/n/10 ^^
@\OT1/cmr/m/n/10 1)]\OML/cmm/m/it/10 ^^VX\OT1/cmr/m/n/10 ([[]]\OML/cmm/m/it/10 
X \OMS/cmsy/m/n/10 ^
 []


Overfull \hbox (51.57896pt too wide) in paragraph at lines 377--378
[]$\OT1/cmr/m/n/10 [\OML/cmm/m/it/10 true \OMS/cmsy/m/n/10 ^^C \OML/cmm/m/it/10
 :eActTrainSensData\OT1/cmr/m/n/10 (\OML/cmm/m/it/10 BREAK; \OMS/cmsy/m/n/10 ^^
@\OT1/cmr/m/n/10 1)\OML/cmm/m/it/10 :[][]:eActSetBarrier\OT1/cmr/m/n/10 (\OML/c
mm/m/it/10 OPEN\OT1/cmr/m/n/10 )]\OML/cmm/m/it/10 false$ 
 []


Overfull \hbox (61.49405pt too wide) in paragraph at lines 378--379
[]$\OT1/cmr/m/n/10 [\OML/cmm/m/it/10 true \OMS/cmsy/m/n/10 ^^C \OML/cmm/m/it/10
 :eActSetSignal\OT1/cmr/m/n/10 (\OML/cmm/m/it/10 GREEN\OT1/cmr/m/n/10 )\OML/cmm
/m/it/10 :[][]:$ 
 []


Overfull \hbox (14.59488pt too wide) in paragraph at lines 378--379
[] \OMS/cmsy/m/n/10 \ []\OT1/cmr/m/n/10 ]\OML/cmm/m/it/10 X\OMS/cmsy/m/n/10 ^$ 

 []


Overfull \hbox (14.59488pt too wide) in paragraph at lines 379--380
[] \OMS/cmsy/m/n/10 \ []\OT1/cmr/m/n/10 ]\OML/cmm/m/it/10 X\OMS/cmsy/m/n/10 ^$ 

 []


Overfull \hbox (47.26875pt too wide) in paragraph at lines 386--387
[]$\OT1/cmr/m/n/10 [\OML/cmm/m/it/10 true \OMS/cmsy/m/n/10 ^^C \OML/cmm/m/it/10
 :eActTrainSensData\OT1/cmr/m/n/10 (\OML/cmm/m/it/10 ARRIVE; \OT1/cmr/m/n/10 1)
]\OML/cmm/m/it/10 ^^VX:\OT1/cmr/m/n/10 ([[]]\OML/cmm/m/it/10 X \OMS/cmsy/m/n/10
 ^
 []


Overfull \hbox (64.0031pt too wide) in paragraph at lines 387--388
[]$\OT1/cmr/m/n/10 [\OML/cmm/m/it/10 true \OMS/cmsy/m/n/10 ^^C \OML/cmm/m/it/10
 :eActTrainSensData\OT1/cmr/m/n/10 (\OML/cmm/m/it/10 ARRIVE; \OT1/cmr/m/n/10 1)
]\OML/cmm/m/it/10 ^^VX:\OT1/cmr/m/n/10 ([[]]\OML/cmm/m/it/10 X \OMS/cmsy/m/n/10
 ^
 []


Overfull \hbox (0.10599pt too wide) in paragraph at lines 396--397
[]$\OT1/cmr/m/n/10 [\OML/cmm/m/it/10 true \OMS/cmsy/m/n/10 ^^C \OML/cmm/m/it/10
 :eActTime\OT1/cmr/m/n/10 (\OML/cmm/m/it/10 time\OT1/cmr/m/n/10 1)]\OML/cmm/m/i
t/10 ^^VX:\OT1/cmr/m/n/10 ([[]]\OML/cmm/m/it/10 X \OMS/cmsy/m/n/10 ^ h\OML/cmm/
m/it/10 true\OMS/cmsy/m/n/10 i\OML/cmm/m/it/10 true\OT1/cmr/m/n/10 )$ 
 []

[13]
Overfull \hbox (14.2164pt too wide) in paragraph at lines 406--407
[]$\OT1/cmr/m/n/10 [\OML/cmm/m/it/10 true \OMS/cmsy/m/n/10 ^^C \OML/cmm/m/it/10
 :eActSetWarnLight\OT1/cmr/m/n/10 (\OML/cmm/m/it/10 W[]OFF\OT1/cmr/m/n/10 )\OML
/cmm/m/it/10 :[][]:$ 
 []


Overfull \hbox (16.2164pt too wide) in paragraph at lines 407--408
[]$\OT1/cmr/m/n/10 [\OML/cmm/m/it/10 true \OMS/cmsy/m/n/10 ^^C \OML/cmm/m/it/10
 :eActSetWarnLight\OT1/cmr/m/n/10 (\OML/cmm/m/it/10 W[]LOW\OT1/cmr/m/n/10 )\OML
/cmm/m/it/10 :[][]:$ 
 []


Overfull \hbox (11.83855pt too wide) in paragraph at lines 423--424
[]$\OT1/cmr/m/n/10 [\OML/cmm/m/it/10 true \OMS/cmsy/m/n/10 ^^C \OML/cmm/m/it/10
 :ActTime\OT1/cmr/m/n/10 (\OML/cmm/m/it/10 time\OT1/cmr/m/n/10 3)]\OML/cmm/m/it
/10 ^^VX:\OT1/cmr/m/n/10 ([[]]\OML/cmm/m/it/10 X \OMS/cmsy/m/n/10 ^ h\OML/cmm/m
/it/10 true\OMS/cmsy/m/n/10 i\OML/cmm/m/it/10 true\OT1/cmr/m/n/10 )$ 
 []


Overfull \hbox (35.81049pt too wide) in paragraph at lines 424--425
[]$\OT1/cmr/m/n/10 [\OML/cmm/m/it/10 true \OMS/cmsy/m/n/10 ^^C \OML/cmm/m/it/10
 :eActTime\OT1/cmr/m/n/10 (\OML/cmm/m/it/10 time\OT1/cmr/m/n/10 3)]\OML/cmm/m/i
t/10 ^^VX:\OT1/cmr/m/n/10 ([[]]\OML/cmm/m/it/10 X \OMS/cmsy/m/n/10 ^ h\OML/cmm/
m/it/10 true\OMS/cmsy/m/n/10 i\OML/cmm/m/it/10 true\OT1/cmr/m/n/10 )$ 
 []


Overfull \hbox (14.2164pt too wide) in paragraph at lines 429--430
[]$\OT1/cmr/m/n/10 [\OML/cmm/m/it/10 true \OMS/cmsy/m/n/10 ^^C \OML/cmm/m/it/10
 :eActSetWarnLight\OT1/cmr/m/n/10 (\OML/cmm/m/it/10 W[]HIGH\OT1/cmr/m/n/10 )\OM
L/cmm/m/it/10 :[][]:$ 
 []


Overfull \hbox (16.2164pt too wide) in paragraph at lines 434--435
[]$\OT1/cmr/m/n/10 [\OML/cmm/m/it/10 true \OMS/cmsy/m/n/10 ^^C \OML/cmm/m/it/10
 :eActSetWarnLight\OT1/cmr/m/n/10 (\OML/cmm/m/it/10 W[]LOW\OT1/cmr/m/n/10 )\OML
/cmm/m/it/10 :[][]:$ 
 []


Overfull \hbox (34.08372pt too wide) in paragraph at lines 445--446
[]$\OT1/cmr/m/n/10 [\OML/cmm/m/it/10 true \OMS/cmsy/m/n/10 ^^C \OML/cmm/m/it/10
 :eActSetBarrier\OT1/cmr/m/n/10 (\OML/cmm/m/it/10 OPEN\OT1/cmr/m/n/10 )]\OML/cm
m/m/it/10 ^^VX:\OT1/cmr/m/n/10 ([[]]\OML/cmm/m/it/10 X \OMS/cmsy/m/n/10 ^ h\OML
/cmm/m/it/10 true\OMS/cmsy/m/n/10 i\OML/cmm/m/it/10 true\OT1/cmr/m/n/10 )$ 
 []


Overfull \hbox (16.55727pt too wide) in paragraph at lines 449--450
[]$\OT1/cmr/m/n/10 [\OML/cmm/m/it/10 true \OMS/cmsy/m/n/10 ^^C \OML/cmm/m/it/10
 :eActSetSignal\OT1/cmr/m/n/10 (\OML/cmm/m/it/10 RED\OT1/cmr/m/n/10 )]\OML/cmm/
m/it/10 ^^VX:\OT1/cmr/m/n/10 ([[]]\OML/cmm/m/it/10 X \OMS/cmsy/m/n/10 ^ h\OML/c
mm/m/it/10 true\OMS/cmsy/m/n/10 i\OML/cmm/m/it/10 true\OT1/cmr/m/n/10 )$ 
 []

[14]
Overfull \hbox (4.22824pt too wide) in paragraph at lines 451--452
[]$\OT1/cmr/m/n/10 [\OML/cmm/m/it/10 true \OMS/cmsy/m/n/10 ^^C \OML/cmm/m/it/10
 :eActTrainSensData\OT1/cmr/m/n/10 (\OML/cmm/m/it/10 LEFT; \OT1/cmr/m/n/10 0)]\
OML/cmm/m/it/10 ^^VX:\OT1/cmr/m/n/10 ([[]]\OML/cmm/m/it/10 X \OMS/cmsy/m/n/10 ^

 []

[15]
File: Check_script.PNG Graphic file (type QTm)
 <use  "Check_script.PNG" > [16]
Underfull \hbox (badness 10000) in paragraph at lines 507--508

 []

Requested font "cmtt10" at 10.0pt

Overfull \hbox (2.10991pt too wide) in paragraph at lines 508--510
[]\OT1/cmr/m/n/10 mCRL2 201210.1 doc-u-men-ta-tion []$\OT1/cmtt/m/n/10 http : /
 / www . mcrl2 . org / release / user _
 []

[17]
Package atveryend Info: Empty hook `BeforeClearDocument' on input line 515.
 [18]
Package atveryend Info: Empty hook `AfterLastShipout' on input line 515.
 (Report_V1.aux)
Package atveryend Info: Empty hook `AtVeryEndDocument' on input line 515.
Package atveryend Info: Empty hook `AtEndAfterFileList' on input line 515.
Package atveryend Info: Empty hook `AtVeryVeryEnd' on input line 515.
 ) 
Here is how much of TeX's memory you used:
 9518 strings out of 428724
 132008 string characters out of 3164157
 211898 words of memory out of 3000000
 12836 multiletter control sequences out of 15000+200000
 10862 words of font info for 39 fonts, out of 3000000 for 9000
 1096 hyphenation exceptions out of 8191
 29i,8n,45p,719b,576s stack positions out of 5000i,500n,10000p,200000b,50000s

Output written on Report_V1.pdf (18 pages).
